This is pdfTeX, Version 3.14159265-2.6-1.40.15 (TeX Live 2015/dev/Debian) (preloaded format=pdflatex 2015.9.27)  20 JUN 2016 14:07
entering extended mode
 restricted \write18 enabled.
 %&-line parsing enabled.
**leerparaetsayddp.tex
(./leerparaetsayddp.tex
LaTeX2e <2014/05/01>
Babel <3.9l> and hyphenation patterns for 4 languages loaded.
(/usr/share/texlive/texmf-dist/tex/latex/base/article.cls
Document Class: article 2014/09/29 v1.4h Standard LaTeX document class
(/usr/share/texlive/texmf-dist/tex/latex/base/size10.clo
File: size10.clo 2014/09/29 v1.4h Standard LaTeX file (size option)
)
\c@part=\count79
\c@section=\count80
\c@subsection=\count81
\c@subsubsection=\count82
\c@paragraph=\count83
\c@subparagraph=\count84
\c@figure=\count85
\c@table=\count86
\abovecaptionskip=\skip41
\belowcaptionskip=\skip42
\bibindent=\dimen102
)
(./leerparaetsayddp.aux)
\openout1 = `leerparaetsayddp.aux'.

LaTeX Font Info:    Checking defaults for OML/cmm/m/it on input line 2.
LaTeX Font Info:    ... okay on input line 2.
LaTeX Font Info:    Checking defaults for T1/cmr/m/n on input line 2.
LaTeX Font Info:    ... okay on input line 2.
LaTeX Font Info:    Checking defaults for OT1/cmr/m/n on input line 2.
LaTeX Font Info:    ... okay on input line 2.
LaTeX Font Info:    Checking defaults for OMS/cmsy/m/n on input line 2.
LaTeX Font Info:    ... okay on input line 2.
LaTeX Font Info:    Checking defaults for OMX/cmex/m/n on input line 2.
LaTeX Font Info:    ... okay on input line 2.
LaTeX Font Info:    Checking defaults for U/cmr/m/n on input line 2.
LaTeX Font Info:    ... okay on input line 2.
 [1

{/var/lib/texmf/fonts/map/pdftex/updmap/pdftex.map}]
LaTeX Font Info:    External font `cmex10' loaded for size
(Font)              <7> on input line 88.
LaTeX Font Info:    External font `cmex10' loaded for size
(Font)              <5> on input line 88.

Overfull \hbox (38.24666pt too wide) in paragraph at lines 120--120
[]\OT1/cmtt/m/n/10 // Read 'count' bytes at 'offset' from kernel into physical 
address 'pa'.[] 
 []

[2]
Overfull \hbox (6.74693pt too wide) in paragraph at lines 120--120
[]  \OT1/cmtt/m/n/10 // translate from bytes to sectors, and kernel starts at s
ector 1[] 
 []


Overfull \hbox (1.49698pt too wide) in paragraph at lines 120--120
[]  \OT1/cmtt/m/n/10 // If this is too slow, we could read lots of sectors at a
 time.[] 
 []


Overfull \hbox (6.74693pt too wide) in paragraph at lines 120--120
[]  \OT1/cmtt/m/n/10 // We'd write more to memory than asked, but it doesn't ma
tter --[] 
 []

[3] [4]
Overfull \hbox (6.74693pt too wide) in paragraph at lines 216--216
[]\OT1/cmtt/m/n/10 // The entry.S page directory maps the first 4MB of physical
 memory[] 
 []


Overfull \hbox (22.4968pt too wide) in paragraph at lines 216--216
[]\OT1/cmtt/m/n/10 // addresses [KERNBASE, KERNBASE+4MB) to physical addresses 
[0, 4MB)).[] 
 []


Overfull \hbox (6.74693pt too wide) in paragraph at lines 216--216
[]\OT1/cmtt/m/n/10 // table and it's enough to get us through early boot.  We a
lso map[] 
 []


Overfull \hbox (1.49698pt too wide) in paragraph at lines 216--216
[]\OT1/cmtt/m/n/10 // virtual addresses [0, 4MB) to physical addresses [0, 4MB)
; this[] 
 []


Overfull \hbox (6.74693pt too wide) in paragraph at lines 216--216
[]\OT1/cmtt/m/n/10 // region is critical for a few instructions in entry.S and 
then we[] 
 []


Overfull \hbox (6.74693pt too wide) in paragraph at lines 216--216
[]\OT1/cmtt/m/n/10 // Page directories/tables must start on a page boundary, he
nce the[] 
 []

LaTeX Font Info:    Try loading font information for OMS+cmr on input line 218.

(/usr/share/texlive/texmf-dist/tex/latex/base/omscmr.fd
File: omscmr.fd 2014/09/29 v2.5h Standard LaTeX font definitions
)
LaTeX Font Info:    Font shape `OMS/cmr/m/n' in size <10> not available
(Font)              Font shape `OMS/cmsy/m/n' tried instead on input line 218.

Overfull \hbox (23.27608pt too wide) in paragraph at lines 241--243
[]\OT1/cmr/m/n/10 Lea a trav^^Ses de los archivos \OT1/cmtt/m/n/10 kern/printf.
c\OT1/cmr/m/n/10 , \OT1/cmtt/m/n/10 lib/printfmt.c\OT1/cmr/m/n/10 , y \OT1/cmtt
/m/n/10 kern/console.c\OT1/cmr/m/n/10 ,
 []

[5] [6] (./leerparaetsayddp.aux) ) 
Here is how much of TeX's memory you used:
 232 strings out of 494977
 2687 string characters out of 6180183
 52049 words of memory out of 5000000
 3534 multiletter control sequences out of 15000+600000
 4423 words of font info for 17 fonts, out of 8000000 for 9000
 36 hyphenation exceptions out of 8191
 23i,4n,19p,170b,239s stack positions out of 5000i,500n,10000p,200000b,80000s
</usr/share/texlive/texmf-dist/fonts/type1/pu
blic/amsfonts/cm/cmbx10.pfb></usr/share/texlive/texmf-dist/fonts/type1/public/a
msfonts/cm/cmbx12.pfb></usr/share/texlive/texmf-dist/fonts/type1/public/amsfont
s/cm/cmr10.pfb></usr/share/texlive/texmf-dist/fonts/type1/public/amsfonts/cm/cm
sy10.pfb></usr/share/texlive/texmf-dist/fonts/type1/public/amsfonts/cm/cmtt10.p
fb>
Output written on leerparaetsayddp.pdf (6 pages, 82902 bytes).
PDF statistics:
 43 PDF objects out of 1000 (max. 8388607)
 29 compressed objects within 1 object stream
 0 named destinations out of 1000 (max. 500000)
 1 words of extra memory for PDF output out of 10000 (max. 10000000)

